========== RUN START: 2026-01-20 11:30:12 ==========
BASE_DIR  : /home/jiangzhenghan/project/code/E-D3DGS_original
SCRIPT_DIR: /home/jiangzhenghan/project/code/E-D3DGS_original
LOG_DIR   : /home/jiangzhenghan/project/code/E-D3DGS_original/logs
Tue Jan 20 11:30:12 2026       
+---------------------------------------------------------------------------------------+
| NVIDIA-SMI 535.183.01             Driver Version: 535.183.01   CUDA Version: 12.2     |
|-----------------------------------------+----------------------+----------------------+
| GPU  Name                 Persistence-M | Bus-Id        Disp.A | Volatile Uncorr. ECC |
| Fan  Temp   Perf          Pwr:Usage/Cap |         Memory-Usage | GPU-Util  Compute M. |
|                                         |                      |               MIG M. |
|=========================================+======================+======================|
|   0  NVIDIA RTX A5000               Off | 00000000:18:00.0 Off |                  Off |
| 46%   73C    P2             222W / 230W |  11602MiB / 24564MiB |     96%      Default |
|                                         |                      |                  N/A |
+-----------------------------------------+----------------------+----------------------+
|   1  NVIDIA RTX A5000               Off | 00000000:86:00.0 Off |                  Off |
| 43%   71C    P2             224W / 230W |  11620MiB / 24564MiB |     95%      Default |
|                                         |                      |                  N/A |
+-----------------------------------------+----------------------+----------------------+
|   2  NVIDIA RTX A5000               Off | 00000000:AF:00.0 Off |                  Off |
| 30%   38C    P8              18W / 230W |      9MiB / 24564MiB |      0%      Default |
|                                         |                      |                  N/A |
+-----------------------------------------+----------------------+----------------------+
                                                                                         
+---------------------------------------------------------------------------------------+
| Processes:                                                                            |
|  GPU   GI   CI        PID   Type   Process name                            GPU Memory |
|        ID   ID                                                             Usage      |
|=======================================================================================|
|    0   N/A  N/A      2062      G   /usr/lib/xorg/Xorg                            4MiB |
|    0   N/A  N/A   3806203      C   python                                    11588MiB |
|    1   N/A  N/A      2062      G   /usr/lib/xorg/Xorg                            4MiB |
|    1   N/A  N/A   3809422      C   python                                    11606MiB |
|    2   N/A  N/A      2062      G   /usr/lib/xorg/Xorg                            4MiB |
+---------------------------------------------------------------------------------------+
Scripts:
  - MeetingRoom_Bacon.sh
  - MeetingRoom_DeliverIcePacks.sh
  - MeetingRoom_EatIceCream.sh
  - MeetingRoom_flare.sh
  - MeetingRoom_HairDryer.sh
  - MeetingRoom_HairDryerDark.sh
  - MeetingRoom_IroningClothes.sh
  - MeetingRoom_Laptop.sh
  - MeetingRoom_LightTheCandles.sh
  - MeetingRoom_MixMilk.sh
  - MeetingRoom_PourHotWater.sh
  - MeetingRoom_WhiteFoamCovers.sh
=================================================

===== START MeetingRoom_Bacon.sh @ 2026-01-20 11:30:13 =====
Script: /home/jiangzhenghan/project/code/E-D3DGS_original/MeetingRoom_Bacon.sh
Log   : /home/jiangzhenghan/project/code/E-D3DGS_original/logs/MeetingRoom_Bacon_20260120_113012.log
